2020-12-10 12:33:39,443 INFO Process Files: ['baseline.txt']
2020-12-10 12:33:39,448 INFO Output File: base.txt
2020-12-10 12:33:39,510 INFO Process File: ./items/ItemRestrictions.txt
2020-12-10 12:33:39,510 ERROR Split Issue at | => need more than 1 value to unpack at 
2020-12-10 12:33:39,510 ERROR Split Issue at | => need more than 1 value to unpack at 
2020-12-10 12:33:39,511 INFO Output File: ItemRestrictions.txt
2020-12-10 12:33:39,511 INFO Process File: ./items/LiveCad4Build.txt
2020-12-10 12:33:39,533 ERROR Split Issue at , => need more than 1 value to unpack at 
2020-12-10 12:33:39,552 INFO Output File: LiveCad4Build.txt
2020-12-10 14:50:39,003 INFO Process Files: ['baseline.txt']
2020-12-10 14:50:39,008 INFO Output File: base.txt
2020-12-10 14:50:39,077 INFO Process File: ./items/ItemRestrictions.txt
2020-12-10 14:50:39,078 ERROR Split Issue at | => need more than 1 value to unpack at 
2020-12-10 14:50:39,078 ERROR Split Issue at | => need more than 1 value to unpack at 
2020-12-10 14:50:39,078 INFO Output File: ItemRestrictions.txt
2020-12-10 14:50:39,078 INFO Process File: ./items/LiveCad4Build.txt
2020-12-10 14:50:39,104 ERROR Split Issue at , => need more than 1 value to unpack at 
2020-12-10 14:50:39,122 INFO Output File: LiveCad4Build.txt
2020-12-10 14:50:39,403 INFO Nexla File Generation started
2020-12-10 14:50:40,002 INFO Nexla File Generation Completed
